<?xml version="1.0" encoding="UTF-8"?>
<!-- Generated by org.testng.reporters.JUnitXMLReporter -->
<testsuite hostname="LAPTOP-LNAKMP27" ignored="0" name="Test" tests="2" failures="1" timestamp="16 Oct 2020 10:23:02 GMT" time="41.729" errors="0">
  <testcase name="getCityTemp" time="2.442" classname="com.simantika.weather_reporting_comparator.ApiTest">
    <failure type="java.lang.AssertionError" message="Temperature retrieved varies in web and API expected [12.98 77.6] but found [null]">
      <![CDATA[java.lang.AssertionError: Temperature retrieved varies in web and API expected [12.98 77.6] but found [null]
at com.simantika.weather_reporting_comparator.ApiTest.getCityTemp(ApiTest.java:36)
... Removed 30 stack frames]]>
    </failure>
  </testcase> <!-- getCityTemp -->
  <testcase name="validatePresenceCityandTemperature" time="39.24" classname="com.simantika.weather_reporting_comparator.WebTest"/>
</testsuite> <!-- Test -->
