<?xml version="1.0" encoding="UTF-8"?>
<testng-results skipped="0" failed="0" ignored="0" total="2" passed="2">
  <reporter-output>
  </reporter-output>
  <suite name="Suite" duration-ms="40899" started-at="2020-10-16T06:15:20Z" finished-at="2020-10-16T06:16:01Z">
    <groups>
    </groups>
    <test name="Test" duration-ms="40899" started-at="2020-10-16T06:15:20Z" finished-at="2020-10-16T06:16:01Z">
      <class name="com.simantika.weather_reporting_comparator.ApiTest">
        <test-method status="PASS" signature="getCityTemp()[pri:0, instance:com.simantika.weather_reporting_comparator.ApiTest@5c3bd550]" name="getCityTemp" duration-ms="2500" started-at="2020-10-16T06:15:20Z" finished-at="2020-10-16T06:15:22Z">
          <reporter-output>
          </reporter-output>
        </test-method> <!-- getCityTemp -->
        <test-method status="PASS" signature="validatePresenceCityandTemperature()[pri:0, instance:com.simantika.weather_reporting_comparator.ApiTest@5c3bd550]" name="validatePresenceCityandTemperature" duration-ms="38353" started-at="2020-10-16T06:15:22Z" finished-at="2020-10-16T06:16:01Z">
          <reporter-output>
          </reporter-output>
        </test-method> <!-- validatePresenceCityandTemperature -->
      </class> <!-- com.simantika.weather_reporting_comparator.ApiTest -->
    </test> <!-- Test -->
  </suite> <!-- Suite -->
</testng-results>
