<?xml version="1.0" encoding="UTF-8"?>
<!-- Generated by org.testng.reporters.JUnitXMLReporter -->
<testsuite hostname="LAPTOP-LNAKMP27" ignored="0" name="Test" tests="2" failures="0" timestamp="16 Oct 2020 06:16:01 GMT" time="40.899" errors="0">
  <testcase name="getCityTemp" time="2.5" classname="com.simantika.weather_reporting_comparator.ApiTest"/>
  <testcase name="validatePresenceCityandTemperature" time="38.353" classname="com.simantika.weather_reporting_comparator.WebTest"/>
</testsuite> <!-- Test -->
