<?xml version="1.0" encoding="UTF-8"?>
<!-- Generated by org.testng.reporters.JUnitXMLReporter -->
<testsuite hostname="LAPTOP-LNAKMP27" ignored="0" name="Test" tests="1" failures="1" timestamp="18 Oct 2020 15:37:15 GMT" time="41.033" errors="0">
  <testcase name="getCityTempAPI" time="41.017" classname="com.simantika.weather_reporting_comparator.ApiTest">
    <failure type="java.lang.AssertionError" message="Temperature retrieved varies in web and API expected [12.98 77.6] but found [26℃
79℉]">
      <![CDATA[java.lang.AssertionError: Temperature retrieved varies in web and API expected [12.98 77.6] but found [26℃
79℉]
at com.simantika.weather_reporting_comparator.ApiTest.getCityTempAPI(ApiTest.java:38)
... Removed 28 stack frames]]>
    </failure>
  </testcase> <!-- getCityTempAPI -->
</testsuite> <!-- Test -->
